<?xml version="1.0" encoding="UTF-8"?>
<!-- Generated by org.testng.reporters.JUnitReportReporter -->
<testsuite hostname="Acer-ALG" failures="0" tests="4" name="com.testframework.ui_tests.FlightSearchTest" time="23.837" errors="0" timestamp="2025-10-02T20:58:19 IST" skipped="0">
  <testcase classname="com.testframework.ui_tests.FlightSearchTest" name="findFlightsBostonToLondon" time="5.861"/>
  <testcase classname="com.testframework.ui_tests.FlightSearchTest" name="findFlightsParisToRome" time="4.958"/>
  <testcase classname="com.testframework.ui_tests.FlightSearchTest" name="verifyPageTitle" time="3.368"/>
  <testcase classname="com.testframework.ui_tests.FlightSearchTest" name="verifyDestinationOfTheWeekLink" time="9.650"/>
</testsuite> <!-- com.testframework.ui_tests.FlightSearchTest -->
